<?xml version="1.0" encoding="UTF-8"?>
<!-- Generated by org.testng.reporters.JUnitXMLReporter -->
<testsuite hostname="CD059" ignored="0" name="S6_SelfFullDueWithGroup" tests="1" failures="1" timestamp="18 Jul 2018 08:43:05 GMT" time="23.606" errors="0">
  <testcase name="s6_SelfFullDueWithGroup" time="17.167" classname="tc_BasicDispatch_SelectPrinter_SampleAcknowledgementByTechnician.S6_SelfFullDueWithGroup">
    <failure type="java.lang.AssertionError" message="***Registration --&amp;gt; Alert msg not displayed as expected.*** expected [Saved successfully] but found [Saved Successfully]">
      <![CDATA[java.lang.AssertionError: ***Registration --> Alert msg not displayed as expected.*** expected [Saved successfully] but found [Saved Successfully]
	at tc_BasicDispatch_SelectPrinter_SampleAcknowledgementByTechnician.S6_SelfFullDueWithGroup.s6_SelfFullDueWithGroup(S6_SelfFullDueWithGroup.java:95)
... Removed 29 stack frames]]>
    </failure>
  </testcase> <!-- s6_SelfFullDueWithGroup -->
</testsuite> <!-- S6_SelfFullDueWithGroup -->
