<?xml version="1.0" encoding="UTF-8"?>
<!-- Generated by org.testng.reporters.JUnitXMLReporter -->
<testsuite hostname="CD059" ignored="0" name="S7_SelfFullBillPaidWithAnalyte" tests="1" failures="1" timestamp="18 Jul 2018 08:43:27 GMT" time="22.267" errors="0">
  <testcase name="s7_SelfFullBillPaidWithAnalyte" time="15.607" classname="tc_BasicDispatch_SelectPrinter_SampleAcknowledgementByTechnician.S7_SelfFullBillPaidWithAnalyte">
    <failure type="java.lang.AssertionError" message="***Registration --&amp;gt; Alert msg not displayed as expected.*** expected [Saved successfully] but found [Saved Successfully]">
      <![CDATA[java.lang.AssertionError: ***Registration --> Alert msg not displayed as expected.*** expected [Saved successfully] but found [Saved Successfully]
	at tc_BasicDispatch_SelectPrinter_SampleAcknowledgementByTechnician.S7_SelfFullBillPaidWithAnalyte.s7_SelfFullBillPaidWithAnalyte(S7_SelfFullBillPaidWithAnalyte.java:97)
... Removed 29 stack frames]]>
    </failure>
  </testcase> <!-- s7_SelfFullBillPaidWithAnalyte -->
</testsuite> <!-- S7_SelfFullBillPaidWithAnalyte -->
