<?xml version="1.0" encoding="UTF-8"?>
<!-- Generated by org.testng.reporters.JUnitXMLReporter -->
<testsuite hostname="CD059" ignored="0" name="S8_DoctorFullBillPaidWithPackage" tests="1" failures="1" timestamp="18 Jul 2018 08:43:53 GMT" time="26.335" errors="0">
  <testcase name="s8_DoctorFullBillPaidWithPackage" time="19.622" classname="tc_BasicDispatch_SelectPrinter_SampleAcknowledgementByTechnician.S8_DoctorFullBillPaidWithPackage">
    <failure type="java.lang.AssertionError" message="***Registration --&amp;gt; Alert msg not displayed as expected.*** expected [Saved successfully] but found [Saved Successfully]">
      <![CDATA[java.lang.AssertionError: ***Registration --> Alert msg not displayed as expected.*** expected [Saved successfully] but found [Saved Successfully]
	at tc_BasicDispatch_SelectPrinter_SampleAcknowledgementByTechnician.S8_DoctorFullBillPaidWithPackage.s8_DoctorFullBillPaidWithPackage(S8_DoctorFullBillPaidWithPackage.java:104)
... Removed 29 stack frames]]>
    </failure>
  </testcase> <!-- s8_DoctorFullBillPaidWithPackage -->
</testsuite> <!-- S8_DoctorFullBillPaidWithPackage -->
