<?xml version="1.0" encoding="UTF-8"?>
<!-- Generated by org.testng.reporters.JUnitXMLReporter -->
<testsuite hostname="CD059" ignored="0" name="S9_DoctorPartialBillPaidWithPackage" tests="1" failures="1" timestamp="18 Jul 2018 08:44:19 GMT" time="25.838" errors="0">
  <testcase name="s9_DoctorPartialBillPaidWithPackage" time="19.303" classname="tc_BasicDispatch_SelectPrinter_SampleAcknowledgementByTechnician.S9_DoctorPartialBillPaidWithPackage">
    <failure type="java.lang.AssertionError" message="***Registration --&amp;gt; Alert msg not displayed as expected.*** expected [Saved successfully] but found [Saved Successfully]">
      <![CDATA[java.lang.AssertionError: ***Registration --> Alert msg not displayed as expected.*** expected [Saved successfully] but found [Saved Successfully]
	at tc_BasicDispatch_SelectPrinter_SampleAcknowledgementByTechnician.S9_DoctorPartialBillPaidWithPackage.s9_DoctorPartialBillPaidWithPackage(S9_DoctorPartialBillPaidWithPackage.java:106)
... Removed 29 stack frames]]>
    </failure>
  </testcase> <!-- s9_DoctorPartialBillPaidWithPackage -->
</testsuite> <!-- S9_DoctorPartialBillPaidWithPackage -->
